{"/mnt/c/Users/alice/Documents/project3/src/index.js": {"path":"/mnt/c/Users/alice/Documents/project3/src/index.js","statementMap":{"0":{"start":{"line":6,"column":15},"end":{"line":11,"column":2}},"1":{"start":{"line":6,"column":49},"end":{"line":11,"column":1}},"2":{"start":{"line":13,"column":17},"end":{"line":25,"column":1}},"3":{"start":{"line":14,"column":23},"end":{"line":14,"column":30}},"4":{"start":{"line":15,"column":15},"end":{"line":15,"column":50}},"5":{"start":{"line":16,"column":21},"end":{"line":16,"column":35}},"6":{"start":{"line":17,"column":16},"end":{"line":23,"column":4}},"7":{"start":{"line":18,"column":29},"end":{"line":18,"column":51}},"8":{"start":{"line":19,"column":4},"end":{"line":19,"column":63}},"9":{"start":{"line":19,"column":27},"end":{"line":19,"column":63}},"10":{"start":{"line":20,"column":4},"end":{"line":20,"column":65}},"11":{"start":{"line":20,"column":27},"end":{"line":20,"column":65}},"12":{"start":{"line":21,"column":4},"end":{"line":21,"column":87}},"13":{"start":{"line":21,"column":27},"end":{"line":21,"column":87}},"14":{"start":{"line":22,"column":4},"end":{"line":22,"column":44}},"15":{"start":{"line":24,"column":2},"end":{"line":24,"column":15}},"16":{"start":{"line":27,"column":16},"end":{"line":31,"column":1}},"17":{"start":{"line":33,"column":15},"end":{"line":45,"column":1}},"18":{"start":{"line":34,"column":18},"end":{"line":43,"column":4}},"19":{"start":{"line":37,"column":8},"end":{"line":37,"column":10}},"20":{"start":{"line":39,"column":4},"end":{"line":41,"column":5}},"21":{"start":{"line":40,"column":6},"end":{"line":40,"column":66}},"22":{"start":{"line":42,"column":4},"end":{"line":42,"column":49}},"23":{"start":{"line":44,"column":2},"end":{"line":44,"column":39}},"24":{"start":{"line":47,"column":19},"end":{"line":47,"column":49}},"25":{"start":{"line":48,"column":18},"end":{"line":48,"column":37}},"26":{"start":{"line":49,"column":27},"end":{"line":49,"column":93}},"27":{"start":{"line":49,"column":41},"end":{"line":49,"column":93}},"28":{"start":{"line":51,"column":23},"end":{"line":60,"column":1}},"29":{"start":{"line":52,"column":16},"end":{"line":52,"column":38}},"30":{"start":{"line":53,"column":15},"end":{"line":57,"column":4}},"31":{"start":{"line":54,"column":21},"end":{"line":54,"column":42}},"32":{"start":{"line":55,"column":20},"end":{"line":55,"column":54}},"33":{"start":{"line":56,"column":4},"end":{"line":56,"column":31}},"34":{"start":{"line":58,"column":15},"end":{"line":58,"column":29}},"35":{"start":{"line":59,"column":2},"end":{"line":59,"column":22}}},"fnMap":{"0":{"name":"(anonymous_0)","decl":{"start":{"line":6,"column":15},"end":{"line":6,"column":16}},"loc":{"start":{"line":6,"column":49},"end":{"line":11,"column":1}},"line":6},"1":{"name":"(anonymous_1)","decl":{"start":{"line":13,"column":17},"end":{"line":13,"column":18}},"loc":{"start":{"line":13,"column":30},"end":{"line":25,"column":1}},"line":13},"2":{"name":"(anonymous_2)","decl":{"start":{"line":17,"column":31},"end":{"line":17,"column":32}},"loc":{"start":{"line":17,"column":40},"end":{"line":23,"column":3}},"line":17},"3":{"name":"(anonymous_3)","decl":{"start":{"line":33,"column":15},"end":{"line":33,"column":16}},"loc":{"start":{"line":33,"column":24},"end":{"line":45,"column":1}},"line":33},"4":{"name":"(anonymous_4)","decl":{"start":{"line":34,"column":26},"end":{"line":34,"column":27}},"loc":{"start":{"line":34,"column":34},"end":{"line":43,"column":3}},"line":34},"5":{"name":"(anonymous_5)","decl":{"start":{"line":49,"column":27},"end":{"line":49,"column":28}},"loc":{"start":{"line":49,"column":41},"end":{"line":49,"column":93}},"line":49},"6":{"name":"(anonymous_6)","decl":{"start":{"line":51,"column":23},"end":{"line":51,"column":24}},"loc":{"start":{"line":51,"column":49},"end":{"line":60,"column":1}},"line":51},"7":{"name":"(anonymous_7)","decl":{"start":{"line":53,"column":25},"end":{"line":53,"column":26}},"loc":{"start":{"line":53,"column":39},"end":{"line":57,"column":3}},"line":53}},"branchMap":{"0":{"loc":{"start":{"line":6,"column":34},"end":{"line":6,"column":43}},"type":"default-arg","locations":[{"start":{"line":6,"column":41},"end":{"line":6,"column":43}}],"line":6},"1":{"loc":{"start":{"line":19,"column":4},"end":{"line":19,"column":63}},"type":"if","locations":[{"start":{"line":19,"column":4},"end":{"line":19,"column":63}},{"start":{},"end":{}}],"line":19},"2":{"loc":{"start":{"line":20,"column":4},"end":{"line":20,"column":65}},"type":"if","locations":[{"start":{"line":20,"column":4},"end":{"line":20,"column":65}},{"start":{},"end":{}}],"line":20},"3":{"loc":{"start":{"line":21,"column":4},"end":{"line":21,"column":87}},"type":"if","locations":[{"start":{"line":21,"column":4},"end":{"line":21,"column":87}},{"start":{},"end":{}}],"line":21},"4":{"loc":{"start":{"line":39,"column":4},"end":{"line":41,"column":5}},"type":"if","locations":[{"start":{"line":39,"column":4},"end":{"line":41,"column":5}},{"start":{},"end":{}}],"line":39}},"s":{"0":1,"1":5,"2":1,"3":1,"4":1,"5":1,"6":1,"7":5,"8":5,"9":1,"10":4,"11":2,"12":2,"13":1,"14":1,"15":1,"16":1,"17":1,"18":1,"19":5,"20":5,"21":1,"22":4,"23":1,"24":1,"25":1,"26":1,"27":3,"28":1,"29":1,"30":1,"31":2,"32":2,"33":2,"34":1,"35":1},"f":{"0":5,"1":1,"2":5,"3":1,"4":5,"5":3,"6":1,"7":2},"b":{"0":[4],"1":[1,4],"2":[2,2],"3":[1,1],"4":[1,4]},"_coverageSchema":"1a1c01bbd47fc00a2c39e90264f33305004495a9","hash":"fa9763063cf5173287911539676febc1d29f2883"}
}
