TN:
SF:src/index.js
FN:6,(anonymous_0)
FN:13,(anonymous_1)
FN:17,(anonymous_2)
FN:33,(anonymous_3)
FN:34,(anonymous_4)
FN:49,(anonymous_5)
FN:51,(anonymous_6)
FN:53,(anonymous_7)
FNF:8
FNH:8
FNDA:5,(anonymous_0)
FNDA:1,(anonymous_1)
FNDA:5,(anonymous_2)
FNDA:1,(anonymous_3)
FNDA:5,(anonymous_4)
FNDA:3,(anonymous_5)
FNDA:1,(anonymous_6)
FNDA:2,(anonymous_7)
DA:6,5
DA:13,1
DA:14,1
DA:15,1
DA:16,1
DA:17,1
DA:18,5
DA:19,5
DA:20,4
DA:21,2
DA:22,1
DA:24,1
DA:27,1
DA:33,1
DA:34,1
DA:37,5
DA:39,5
DA:40,1
DA:42,4
DA:44,1
DA:47,1
DA:48,1
DA:49,3
DA:51,1
DA:52,1
DA:53,1
DA:54,2
DA:55,2
DA:56,2
DA:58,1
DA:59,1
LF:31
LH:31
BRDA:6,0,0,4
BRDA:19,1,0,1
BRDA:19,1,1,4
BRDA:20,2,0,2
BRDA:20,2,1,2
BRDA:21,3,0,1
BRDA:21,3,1,1
BRDA:39,4,0,1
BRDA:39,4,1,4
BRF:9
BRH:9
end_of_record
